22:29:31.387 logback [main] WARN  o.m.s.mapper.ClassPathMapperScanner - No MyBatis mapper was found in '[com.ylzy56.diablo]' package. Please check your configuration.
22:29:31.762 logback [main] INFO  o.s.c.s.PostProcessorRegistrationDelegate$BeanPostProcessorChecker - Bean 'org.springframework.transaction.annotation.ProxyTransactionManagementConfiguration' of type [org.springframework.transaction.annotation.ProxyTransactionManagementConfiguration$$EnhancerBySpringCGLIB$$35f50b48] is not eligible for getting processed by all BeanPostProcessors (for example: not eligible for auto-proxying)
22:29:32.136 logback [main] INFO  o.s.b.w.e.tomcat.TomcatWebServer - Tomcat initialized with port(s): 8080 (http)
22:29:32.156 logback [main] INFO  o.a.coyote.http11.Http11NioProtocol - Initializing ProtocolHandler ["http-nio-8080"]
22:29:32.166 logback [main] INFO  o.a.catalina.core.StandardService - Starting service [Tomcat]
22:29:32.167 logback [main] INFO  o.a.catalina.core.StandardEngine - Starting Servlet engine: [Apache Tomcat/9.0.27]
22:29:32.338 logback [main] INFO  o.a.c.c.C.[Tomcat].[localhost].[/] - Initializing Spring embedded WebApplicationContext
22:29:32.338 logback [main] INFO  o.s.web.context.ContextLoader - Root WebApplicationContext: initialization completed in 2509 ms
22:29:33.997 logback [main] INFO  s.d.s.w.PropertySourcedRequestMappingHandlerMapping - Mapped URL path [/v2/api-docs] onto method [public org.springframework.http.ResponseEntity<springfox.documentation.spring.web.json.Json> springfox.documentation.swagger2.web.Swagger2Controller.getDocumentation(java.lang.String,javax.servlet.http.HttpServletRequest)]
22:29:34.181 logback [main] INFO  o.s.s.c.ThreadPoolTaskExecutor - Initializing ExecutorService 'applicationTaskExecutor'
22:29:34.338 logback [main] INFO  t.m.m.a.MapperCacheDisabler - Clear tk.mybatis.mapper.util.MsUtil CLASS_CACHE cache.
22:29:34.339 logback [main] INFO  t.m.m.a.MapperCacheDisabler - Clear tk.mybatis.mapper.genid.GenIdUtil CACHE cache.
22:29:34.340 logback [main] INFO  t.m.m.a.MapperCacheDisabler - Clear tk.mybatis.mapper.version.VersionUtil CACHE cache.
22:29:34.340 logback [main] INFO  t.m.m.a.MapperCacheDisabler - Clear EntityHelper entityTableMap cache.
22:29:34.512 logback [main] INFO  s.d.s.w.p.DocumentationPluginsBootstrapper - Context refreshed
22:29:34.544 logback [main] INFO  s.d.s.w.p.DocumentationPluginsBootstrapper - Found 1 custom documentation plugin(s)
22:29:34.604 logback [main] INFO  s.d.s.w.s.ApiListingReferenceScanner - Scanning for api listing references
22:29:34.863 logback [main] INFO  s.d.s.w.r.o.CachingOperationNameGenerator - Generating unique operation named: findAllUsingGET_1
22:29:34.876 logback [main] INFO  s.d.s.w.r.o.CachingOperationNameGenerator - Generating unique operation named: deleteUsingGET_1
22:29:34.881 logback [main] INFO  s.d.s.w.r.o.CachingOperationNameGenerator - Generating unique operation named: findAllUsingGET_2
22:29:34.884 logback [main] INFO  s.d.s.w.r.o.CachingOperationNameGenerator - Generating unique operation named: findByIdUsingGET_1
22:29:34.892 logback [main] INFO  s.d.s.w.r.o.CachingOperationNameGenerator - Generating unique operation named: saveUsingGET_1
22:29:34.897 logback [main] INFO  s.d.s.w.r.o.CachingOperationNameGenerator - Generating unique operation named: updateUsingGET_1
22:29:34.921 logback [main] INFO  o.a.coyote.http11.Http11NioProtocol - Starting ProtocolHandler ["http-nio-8080"]
22:29:34.957 logback [main] INFO  o.s.b.w.e.tomcat.TomcatWebServer - Tomcat started on port(s): 8080 (http) with context path ''
22:29:40.825 logback [http-nio-8080-exec-2] INFO  o.a.c.c.C.[Tomcat].[localhost].[/] - Initializing Spring DispatcherServlet 'dispatcherServlet'
22:29:40.825 logback [http-nio-8080-exec-2] INFO  o.s.web.servlet.DispatcherServlet - Initializing Servlet 'dispatcherServlet'
22:29:40.839 logback [http-nio-8080-exec-2] INFO  o.s.web.servlet.DispatcherServlet - Completed initialization in 14 ms
