14:45:52.063 logback [Thread-597] INFO  o.s.s.c.ThreadPoolTaskExecutor - Shutting down ExecutorService 'applicationTaskExecutor'
14:45:54.633 logback [restartedMain] WARN  o.m.s.mapper.ClassPathMapperScanner - No MyBatis mapper was found in '[com.ylzy56.diablo]' package. Please check your configuration.
14:45:54.660 logback [restartedMain] INFO  o.s.c.s.PostProcessorRegistrationDelegate$BeanPostProcessorChecker - Bean 'org.springframework.transaction.annotation.ProxyTransactionManagementConfiguration' of type [org.springframework.transaction.annotation.ProxyTransactionManagementConfiguration$$EnhancerBySpringCGLIB$$51e3233a] is not eligible for getting processed by all BeanPostProcessors (for example: not eligible for auto-proxying)
14:45:54.944 logback [restartedMain] INFO  o.s.b.w.e.tomcat.TomcatWebServer - Tomcat initialized with port(s): 8080 (http)
14:45:54.947 logback [restartedMain] INFO  o.a.coyote.http11.Http11NioProtocol - Initializing ProtocolHandler ["http-nio-8080"]
14:45:54.948 logback [restartedMain] INFO  o.a.catalina.core.StandardService - Starting service [Tomcat]
14:45:54.948 logback [restartedMain] INFO  o.a.catalina.core.StandardEngine - Starting Servlet engine: [Apache Tomcat/9.0.27]
14:45:55.073 logback [restartedMain] INFO  o.a.c.c.C.[Tomcat].[localhost].[/] - Initializing Spring embedded WebApplicationContext
14:45:55.074 logback [restartedMain] INFO  o.s.web.context.ContextLoader - Root WebApplicationContext: initialization completed in 1963 ms
14:45:56.722 logback [restartedMain] INFO  s.d.s.w.PropertySourcedRequestMappingHandlerMapping - Mapped URL path [/v2/api-docs] onto method [public org.springframework.http.ResponseEntity<springfox.documentation.spring.web.json.Json> springfox.documentation.swagger2.web.Swagger2Controller.getDocumentation(java.lang.String,javax.servlet.http.HttpServletRequest)]
14:45:56.941 logback [restartedMain] INFO  o.s.s.c.ThreadPoolTaskExecutor - Initializing ExecutorService 'applicationTaskExecutor'
14:45:56.962 logback [restartedMain] INFO  o.s.b.d.a.OptionalLiveReloadServer - LiveReload server is running on port 35729
14:45:57.013 logback [restartedMain] INFO  t.m.m.a.MapperCacheDisabler - Clear tk.mybatis.mapper.util.MsUtil CLASS_CACHE cache.
14:45:57.014 logback [restartedMain] INFO  t.m.m.a.MapperCacheDisabler - Clear tk.mybatis.mapper.genid.GenIdUtil CACHE cache.
14:45:57.014 logback [restartedMain] INFO  t.m.m.a.MapperCacheDisabler - Clear tk.mybatis.mapper.version.VersionUtil CACHE cache.
14:45:57.015 logback [restartedMain] INFO  t.m.m.a.MapperCacheDisabler - Clear EntityHelper entityTableMap cache.
14:45:57.175 logback [restartedMain] INFO  s.d.s.w.p.DocumentationPluginsBootstrapper - Context refreshed
14:45:57.177 logback [restartedMain] INFO  s.d.s.w.p.DocumentationPluginsBootstrapper - Found 1 custom documentation plugin(s)
14:45:57.186 logback [restartedMain] INFO  s.d.s.w.s.ApiListingReferenceScanner - Scanning for api listing references
14:45:57.232 logback [restartedMain] INFO  s.d.s.w.r.o.CachingOperationNameGenerator - Generating unique operation named: deleteUsingGET_1
14:45:57.236 logback [restartedMain] INFO  s.d.s.w.r.o.CachingOperationNameGenerator - Generating unique operation named: findAllUsingGET_1
14:45:57.239 logback [restartedMain] INFO  s.d.s.w.r.o.CachingOperationNameGenerator - Generating unique operation named: findByIdUsingGET_1
14:45:57.249 logback [restartedMain] INFO  s.d.s.w.r.o.CachingOperationNameGenerator - Generating unique operation named: saveUsingGET_1
14:45:57.256 logback [restartedMain] INFO  s.d.s.w.r.o.CachingOperationNameGenerator - Generating unique operation named: updateUsingGET_1
14:45:57.263 logback [restartedMain] INFO  s.d.s.w.r.o.CachingOperationNameGenerator - Generating unique operation named: deleteUsingGET_2
14:45:57.267 logback [restartedMain] INFO  s.d.s.w.r.o.CachingOperationNameGenerator - Generating unique operation named: findAllUsingGET_2
14:45:57.269 logback [restartedMain] INFO  s.d.s.w.r.o.CachingOperationNameGenerator - Generating unique operation named: findByIdUsingGET_2
14:45:57.272 logback [restartedMain] INFO  s.d.s.w.r.o.CachingOperationNameGenerator - Generating unique operation named: saveUsingGET_2
14:45:57.276 logback [restartedMain] INFO  s.d.s.w.r.o.CachingOperationNameGenerator - Generating unique operation named: updateUsingGET_2
14:45:57.282 logback [restartedMain] INFO  o.a.coyote.http11.Http11NioProtocol - Starting ProtocolHandler ["http-nio-8080"]
14:45:57.286 logback [restartedMain] INFO  o.s.b.w.e.tomcat.TomcatWebServer - Tomcat started on port(s): 8080 (http) with context path ''
